    OpenRGB v0.91
    Commit: 7d637a502d2ca0d7f32307da9ae5f26679bcf432 from 2023-10-27 17:59:41 +0200
    Launched: 20231029_090929
====================================================================================================

0     |Info:    Found file: Cyan.orp attempting to validate header
0     |Info:    Valid v4 profile found for Cyan
0     |Info:    Found file: Cyan2.orp attempting to validate header
0     |Info:    Valid v4 profile found for Cyan2
0     |Info:    Found file: mag_blue.orp attempting to validate header
0     |Info:    Valid v4 profile found for mag_blue
1004  |Info:    ------------------------------------------------------
1004  |Info:    |               Start device detection               |
1004  |Info:    ------------------------------------------------------
1004  |Info:    Initializing HID interfaces: Success
1007  |Info:    ------------------------------------------------------
1007  |Info:    |             Detecting I2C interfaces               |
1007  |Info:    ------------------------------------------------------
1007  |Info:    Registering I2C interface: /dev/i2c-3 Device 1002:73DF Subsystem: 1043:05CB
1007  |Info:    Registering I2C interface: /dev/i2c-10 Device 0000:0000 Subsystem: 0000:0000
1007  |Info:    Registering I2C interface: /dev/i2c-1 Device 1002:73DF Subsystem: 1043:05CB
1008  |Warning: [i2c_smbus_linux] Failed to read i2c device PCI device ID
1008  |Info:    Registering I2C interface: /dev/i2c-8 Device 0000:0000 Subsystem: 0000:0000
1008  |Warning: [i2c_smbus_linux] Failed to read i2c device PCI device ID
1008  |Info:    Registering I2C interface: /dev/i2c-6 Device 0000:0000 Subsystem: 0000:0000
1008  |Info:    Registering I2C interface: /dev/i2c-4 Device 1002:73DF Subsystem: 1043:05CB
1008  |Info:    Registering I2C interface: /dev/i2c-2 Device 1002:73DF Subsystem: 1043:05CB
1008  |Info:    Registering I2C interface: /dev/i2c-0 Device 1002:73DF Subsystem: 1043:05CB
1008  |Info:    Registering I2C interface: /dev/i2c-9 Device 8086:7A23 Subsystem: 1849:7A23
1008  |Warning: [i2c_smbus_linux] Failed to read i2c device PCI device ID
1008  |Info:    Registering I2C interface: /dev/i2c-7 Device 0000:0000 Subsystem: 0000:0000
1008  |Info:    Registering I2C interface: /dev/i2c-5 Device 1002:73DF Subsystem: 1043:05CB
1008  |Info:    ------------------------------------------------------
1008  |Info:    |               Detecting I2C devices                |
1008  |Info:    ------------------------------------------------------
1208  |Info:    [ENE DRAM] Registering RGB controller
1533  |Info:    ------------------------------------------------------
1533  |Info:    |               Detecting I2C PCI devices            |
1533  |Info:    ------------------------------------------------------
1534  |Info:    ------------------------------------------------------
1534  |Info:    |               Detecting HID devices                |
1534  |Info:    ------------------------------------------------------
1552  |Info:    [ASRock B760M Pro RS] Registering RGB controller
1552  |Info:    ------------------------------------------------------
1552  |Info:    |            Detecting libusb HID devices            |
1552  |Info:    ------------------------------------------------------
1555  |Info:    ------------------------------------------------------
1555  |Info:    |              Detecting other devices               |
1555  |Info:    ------------------------------------------------------
1558  |Info:    ------------------------------------------------------
1558  |Info:    |                Detection completed                 |
1558  |Info:    ------------------------------------------------------
