    OpenRGB v0.9
    Commit:  from 
    Launched: 20231126_093037
====================================================================================================

0     |Info:    Found file: Cyan.orp attempting to validate header
0     |Info:    Valid v4 profile found for Cyan
0     |Info:    Found file: Cyan2.orp attempting to validate header
0     |Info:    Valid v4 profile found for Cyan2
0     |Info:    Found file: mag_blue.orp attempting to validate header
0     |Info:    Valid v4 profile found for mag_blue
1003  |Info:    ------------------------------------------------------
1003  |Info:    |               Start device detection               |
1003  |Info:    ------------------------------------------------------
1003  |Info:    Initializing HID interfaces: Success
1013  |Info:    ------------------------------------------------------
1013  |Info:    |             Detecting I2C interfaces               |
1013  |Info:    ------------------------------------------------------
1013  |Info:    Registering I2C interface: /dev/i2c-3 Device 1002:73DF Subsystem: 1043:05CB
1013  |Warning: [i2c_smbus_linux] Failed to read i2c device PCI device ID
1013  |Info:    Registering I2C interface: /dev/i2c-10 Device 0000:0000 Subsystem: 0000:0000
1013  |Info:    Registering I2C interface: /dev/i2c-1 Device 0000:0000 Subsystem: 0000:0000
1013  |Warning: [i2c_smbus_linux] Failed to read i2c device PCI device ID
1013  |Info:    Registering I2C interface: /dev/i2c-8 Device 0000:0000 Subsystem: 0000:0000
1013  |Info:    Registering I2C interface: /dev/i2c-6 Device 1002:73DF Subsystem: 1043:05CB
1013  |Info:    Registering I2C interface: /dev/i2c-4 Device 1002:73DF Subsystem: 1043:05CB
1013  |Info:    Registering I2C interface: /dev/i2c-2 Device 1002:73DF Subsystem: 1043:05CB
1013  |Info:    Registering I2C interface: /dev/i2c-0 Device 8086:7A23 Subsystem: 1849:7A23
1013  |Warning: [i2c_smbus_linux] Failed to read i2c device PCI device ID
1013  |Info:    Registering I2C interface: /dev/i2c-9 Device 0000:0000 Subsystem: 0000:0000
1013  |Info:    Registering I2C interface: /dev/i2c-7 Device 1002:73DF Subsystem: 1043:05CB
1014  |Info:    Registering I2C interface: /dev/i2c-5 Device 1002:73DF Subsystem: 1043:05CB
1014  |Info:    ------------------------------------------------------
1014  |Info:    |               Detecting I2C devices                |
1014  |Info:    ------------------------------------------------------
1217  |Info:    [ENE DRAM] Registering RGB controller
1543  |Info:    ------------------------------------------------------
1543  |Info:    |               Detecting I2C PCI devices            |
1543  |Info:    ------------------------------------------------------
1546  |Info:    ------------------------------------------------------
1546  |Info:    |               Detecting HID devices                |
1546  |Info:    ------------------------------------------------------
1564  |Info:    [ASRock B760M Pro RS] Registering RGB controller
1564  |Info:    ------------------------------------------------------
1564  |Info:    |            Detecting libusb HID devices            |
1564  |Info:    ------------------------------------------------------
1579  |Info:    ------------------------------------------------------
1579  |Info:    |              Detecting other devices               |
1579  |Info:    ------------------------------------------------------
1584  |Info:    ------------------------------------------------------
1584  |Info:    |                Detection completed                 |
1584  |Info:    ------------------------------------------------------
4921  |Info:    Profile loading: Succeeded for ENE DRAM @ I2C: /dev/i2c-0, address 0x73
4921  |Info:    Profile loading: Succeeded for ASRock B760M Pro RS @ HID: /dev/hidraw0
