    OpenRGB v0.91
    Commit: 1fbbbb00ba8bef038b287c9e06c9124af991d9dc from 2023-09-12 18:39:53 -0500
    Launched: 20230913_082834
====================================================================================================

1003  |Info:    ------------------------------------------------------
1003  |Info:    |               Start device detection               |
1003  |Info:    ------------------------------------------------------
1003  |Info:    Initializing HID interfaces: Success
1009  |Info:    ------------------------------------------------------
1009  |Info:    |             Detecting I2C interfaces               |
1009  |Info:    ------------------------------------------------------
1009  |Info:    Registering I2C interface: /dev/i2c-3 Device 1002:73DF Subsystem: 1043:05CB
1010  |Info:    Registering I2C interface: /dev/i2c-10 Device 0000:0000 Subsystem: 0000:0000
1010  |Info:    Registering I2C interface: /dev/i2c-1 Device 1002:73DF Subsystem: 1043:05CB
1010  |Warning: [i2c_smbus_linux] Failed to read i2c device PCI device ID
1010  |Info:    Registering I2C interface: /dev/i2c-8 Device 0000:0000 Subsystem: 0000:0000
1010  |Warning: [i2c_smbus_linux] Failed to read i2c device PCI device ID
1010  |Info:    Registering I2C interface: /dev/i2c-6 Device 0000:0000 Subsystem: 0000:0000
1010  |Info:    Registering I2C interface: /dev/i2c-4 Device 1002:73DF Subsystem: 1043:05CB
1010  |Info:    Registering I2C interface: /dev/i2c-2 Device 1002:73DF Subsystem: 1043:05CB
1010  |Info:    Registering I2C interface: /dev/i2c-0 Device 1002:73DF Subsystem: 1043:05CB
1010  |Info:    Registering I2C interface: /dev/i2c-9 Device 8086:7A23 Subsystem: 1849:7A23
1010  |Warning: [i2c_smbus_linux] Failed to read i2c device PCI device ID
1010  |Info:    Registering I2C interface: /dev/i2c-7 Device 0000:0000 Subsystem: 0000:0000
1010  |Info:    Registering I2C interface: /dev/i2c-5 Device 1002:73DF Subsystem: 1043:05CB
1010  |Info:    ------------------------------------------------------
1010  |Info:    |               Detecting I2C devices                |
1010  |Info:    ------------------------------------------------------
1215  |Info:    [ENE DRAM] Registering RGB controller
1542  |Info:    ------------------------------------------------------
1542  |Info:    |               Detecting I2C PCI devices            |
1542  |Info:    ------------------------------------------------------
1545  |Info:    ------------------------------------------------------
1545  |Info:    |               Detecting HID devices                |
1545  |Info:    ------------------------------------------------------
1563  |Info:    [ASRock B760M Pro RS] Registering RGB controller
1563  |Info:    ------------------------------------------------------
1563  |Info:    |            Detecting libusb HID devices            |
1563  |Info:    ------------------------------------------------------
1576  |Info:    ------------------------------------------------------
1576  |Info:    |              Detecting other devices               |
1576  |Info:    ------------------------------------------------------
1581  |Info:    ------------------------------------------------------
1581  |Info:    |                Detection completed                 |
1581  |Info:    ------------------------------------------------------
51092 |Info:    Found file: Cyan.orp attempting to validate header
51092 |Info:    Valid v4 profile found for Cyan
167365|Info:    Profile loading: Succeeded for ENE DRAM @ I2C: /dev/i2c-9, address 0x73
167365|Info:    Profile loading: Succeeded for ASRock B760M Pro RS @ HID: /dev/hidraw0
213429|Info:    Profile loading: Succeeded for ENE DRAM @ I2C: /dev/i2c-9, address 0x73
213429|Info:    Profile loading: Succeeded for ASRock B760M Pro RS @ HID: /dev/hidraw0
317751|Info:    Found file: Cyan.orp attempting to validate header
317751|Info:    Valid v4 profile found for Cyan
317751|Info:    Found file: Cyan2.orp attempting to validate header
317751|Info:    Valid v4 profile found for Cyan2
