    OpenRGB v0.91
    Commit: e83ca276c02ecc1905cfa6b153fb78bea0b81cc6 from 2023-09-22 20:37:26 +0000
    Launched: 20230923_095650
====================================================================================================

0     |Info:    Found file: Cyan.orp attempting to validate header
0     |Info:    Valid v4 profile found for Cyan
0     |Info:    Found file: Cyan2.orp attempting to validate header
0     |Info:    Valid v4 profile found for Cyan2
0     |Info:    Found file: mag_blue.orp attempting to validate header
0     |Info:    Valid v4 profile found for mag_blue
1005  |Info:    ------------------------------------------------------
1005  |Info:    |               Start device detection               |
1005  |Info:    ------------------------------------------------------
1005  |Info:    Initializing HID interfaces: Success
1007  |Info:    ------------------------------------------------------
1007  |Info:    |             Detecting I2C interfaces               |
1007  |Info:    ------------------------------------------------------
1008  |Info:    Registering I2C interface: /dev/i2c-3 Device 1002:73DF Subsystem: 1043:05CB
1008  |Info:    Registering I2C interface: /dev/i2c-10 Device 0000:0000 Subsystem: 0000:0000
1008  |Info:    Registering I2C interface: /dev/i2c-1 Device 1002:73DF Subsystem: 1043:05CB
1008  |Warning: [i2c_smbus_linux] Failed to read i2c device PCI device ID
1008  |Info:    Registering I2C interface: /dev/i2c-8 Device 0000:0000 Subsystem: 0000:0000
1008  |Warning: [i2c_smbus_linux] Failed to read i2c device PCI device ID
1008  |Info:    Registering I2C interface: /dev/i2c-6 Device 0000:0000 Subsystem: 0000:0000
1008  |Info:    Registering I2C interface: /dev/i2c-4 Device 1002:73DF Subsystem: 1043:05CB
1009  |Info:    Registering I2C interface: /dev/i2c-2 Device 1002:73DF Subsystem: 1043:05CB
1009  |Info:    Registering I2C interface: /dev/i2c-0 Device 1002:73DF Subsystem: 1043:05CB
1009  |Info:    Registering I2C interface: /dev/i2c-9 Device 8086:7A23 Subsystem: 1849:7A23
1009  |Warning: [i2c_smbus_linux] Failed to read i2c device PCI device ID
1009  |Info:    Registering I2C interface: /dev/i2c-7 Device 0000:0000 Subsystem: 0000:0000
1009  |Info:    Registering I2C interface: /dev/i2c-5 Device 1002:73DF Subsystem: 1043:05CB
1009  |Info:    ------------------------------------------------------
1009  |Info:    |               Detecting I2C devices                |
1009  |Info:    ------------------------------------------------------
1213  |Info:    [ENE DRAM] Registering RGB controller
1536  |Info:    ------------------------------------------------------
1536  |Info:    |               Detecting I2C PCI devices            |
1536  |Info:    ------------------------------------------------------
1537  |Info:    ------------------------------------------------------
1537  |Info:    |               Detecting HID devices                |
1537  |Info:    ------------------------------------------------------
1554  |Info:    [ASRock B760M Pro RS] Registering RGB controller
1554  |Info:    ------------------------------------------------------
1554  |Info:    |            Detecting libusb HID devices            |
1554  |Info:    ------------------------------------------------------
1560  |Info:    ------------------------------------------------------
1560  |Info:    |              Detecting other devices               |
1560  |Info:    ------------------------------------------------------
1564  |Info:    ------------------------------------------------------
1564  |Info:    |                Detection completed                 |
1564  |Info:    ------------------------------------------------------
632226|Info:    Profile loading: Succeeded for ENE DRAM @ I2C: /dev/i2c-9, address 0x73
632226|Info:    Profile loading: Succeeded for ASRock B760M Pro RS @ HID: /dev/hidraw0
