    OpenRGB v0.91
    Commit: e55da57f461e6fde9084f62e7af2e37a9ddc7c55 from 2023-09-14 22:01:52 +0000
    Launched: 20230918_133202
====================================================================================================

0     |Info:    Found file: Cyan.orp attempting to validate header
0     |Info:    Valid v4 profile found for Cyan
0     |Info:    Found file: Cyan2.orp attempting to validate header
0     |Info:    Valid v4 profile found for Cyan2
1002  |Info:    ------------------------------------------------------
1002  |Info:    |               Start device detection               |
1002  |Info:    ------------------------------------------------------
1002  |Info:    Initializing HID interfaces: Success
1004  |Info:    ------------------------------------------------------
1004  |Info:    |             Detecting I2C interfaces               |
1004  |Info:    ------------------------------------------------------
1006  |Info:    Registering I2C interface: /dev/i2c-3 Device 1002:73DF Subsystem: 1043:05CB
1006  |Info:    Registering I2C interface: /dev/i2c-10 Device 0000:0000 Subsystem: 0000:0000
1006  |Info:    Registering I2C interface: /dev/i2c-1 Device 1002:73DF Subsystem: 1043:05CB
1006  |Warning: [i2c_smbus_linux] Failed to read i2c device PCI device ID
1007  |Info:    Registering I2C interface: /dev/i2c-8 Device 0000:0000 Subsystem: 0000:0000
1007  |Warning: [i2c_smbus_linux] Failed to read i2c device PCI device ID
1007  |Info:    Registering I2C interface: /dev/i2c-6 Device 0000:0000 Subsystem: 0000:0000
1007  |Info:    Registering I2C interface: /dev/i2c-4 Device 1002:73DF Subsystem: 1043:05CB
1007  |Info:    Registering I2C interface: /dev/i2c-2 Device 1002:73DF Subsystem: 1043:05CB
1007  |Info:    Registering I2C interface: /dev/i2c-0 Device 1002:73DF Subsystem: 1043:05CB
1007  |Info:    Registering I2C interface: /dev/i2c-9 Device 8086:7A23 Subsystem: 1849:7A23
1007  |Warning: [i2c_smbus_linux] Failed to read i2c device PCI device ID
1007  |Info:    Registering I2C interface: /dev/i2c-7 Device 0000:0000 Subsystem: 0000:0000
1007  |Info:    Registering I2C interface: /dev/i2c-5 Device 1002:73DF Subsystem: 1043:05CB
1007  |Info:    ------------------------------------------------------
1007  |Info:    |               Detecting I2C devices                |
1007  |Info:    ------------------------------------------------------
1210  |Info:    [ENE DRAM] Registering RGB controller
1533  |Info:    ------------------------------------------------------
1533  |Info:    |               Detecting I2C PCI devices            |
1533  |Info:    ------------------------------------------------------
1533  |Info:    ------------------------------------------------------
1533  |Info:    |               Detecting HID devices                |
1533  |Info:    ------------------------------------------------------
1550  |Info:    [ASRock B760M Pro RS] Registering RGB controller
1550  |Info:    ------------------------------------------------------
1550  |Info:    |            Detecting libusb HID devices            |
1550  |Info:    ------------------------------------------------------
1554  |Info:    ------------------------------------------------------
1554  |Info:    |              Detecting other devices               |
1554  |Info:    ------------------------------------------------------
1556  |Info:    ------------------------------------------------------
1556  |Info:    |                Detection completed                 |
1556  |Info:    ------------------------------------------------------
61512 |Info:    Found file: Cyan.orp attempting to validate header
61512 |Info:    Valid v4 profile found for Cyan
61512 |Info:    Found file: Cyan2.orp attempting to validate header
61512 |Info:    Valid v4 profile found for Cyan2
61512 |Info:    Found file: mag_blue.orp attempting to validate header
61512 |Info:    Valid v4 profile found for mag_blue
