    OpenRGB v0.91
    Commit: 86ba18595f4396b8abd1893cf637be68e09a3457 from 2023-09-21 16:23:45 +0000
    Launched: 20230922_083831
====================================================================================================

0     |Info:    Found file: Cyan.orp attempting to validate header
0     |Info:    Valid v4 profile found for Cyan
0     |Info:    Found file: Cyan2.orp attempting to validate header
0     |Info:    Valid v4 profile found for Cyan2
0     |Info:    Found file: mag_blue.orp attempting to validate header
0     |Info:    Valid v4 profile found for mag_blue
1002  |Info:    Saving detector settings
1003  |Info:    ------------------------------------------------------
1003  |Info:    |               Start device detection               |
1003  |Info:    ------------------------------------------------------
1003  |Info:    Initializing HID interfaces: Success
1005  |Info:    ------------------------------------------------------
1005  |Info:    |             Detecting I2C interfaces               |
1005  |Info:    ------------------------------------------------------
1006  |Info:    Registering I2C interface: /dev/i2c-3 Device 1002:73DF Subsystem: 1043:05CB
1006  |Info:    Registering I2C interface: /dev/i2c-10 Device 0000:0000 Subsystem: 0000:0000
1006  |Info:    Registering I2C interface: /dev/i2c-1 Device 1002:73DF Subsystem: 1043:05CB
1006  |Warning: [i2c_smbus_linux] Failed to read i2c device PCI device ID
1006  |Info:    Registering I2C interface: /dev/i2c-8 Device 0000:0000 Subsystem: 0000:0000
1006  |Warning: [i2c_smbus_linux] Failed to read i2c device PCI device ID
1006  |Info:    Registering I2C interface: /dev/i2c-6 Device 0000:0000 Subsystem: 0000:0000
1006  |Info:    Registering I2C interface: /dev/i2c-4 Device 1002:73DF Subsystem: 1043:05CB
1006  |Info:    Registering I2C interface: /dev/i2c-2 Device 1002:73DF Subsystem: 1043:05CB
1006  |Info:    Registering I2C interface: /dev/i2c-0 Device 1002:73DF Subsystem: 1043:05CB
1006  |Info:    Registering I2C interface: /dev/i2c-9 Device 8086:7A23 Subsystem: 1849:7A23
1006  |Warning: [i2c_smbus_linux] Failed to read i2c device PCI device ID
1006  |Info:    Registering I2C interface: /dev/i2c-7 Device 0000:0000 Subsystem: 0000:0000
1007  |Info:    Registering I2C interface: /dev/i2c-5 Device 1002:73DF Subsystem: 1043:05CB
1007  |Info:    ------------------------------------------------------
1007  |Info:    |               Detecting I2C devices                |
1007  |Info:    ------------------------------------------------------
1211  |Info:    [ENE DRAM] Registering RGB controller
1534  |Info:    ------------------------------------------------------
1534  |Info:    |               Detecting I2C PCI devices            |
1534  |Info:    ------------------------------------------------------
1535  |Info:    ------------------------------------------------------
1535  |Info:    |               Detecting HID devices                |
1535  |Info:    ------------------------------------------------------
1553  |Info:    [ASRock B760M Pro RS] Registering RGB controller
1553  |Info:    ------------------------------------------------------
1553  |Info:    |            Detecting libusb HID devices            |
1553  |Info:    ------------------------------------------------------
1558  |Info:    ------------------------------------------------------
1558  |Info:    |              Detecting other devices               |
1558  |Info:    ------------------------------------------------------
1561  |Info:    ------------------------------------------------------
1561  |Info:    |                Detection completed                 |
1561  |Info:    ------------------------------------------------------
