    OpenRGB v0.9
    Commit:  from 
    Launched: 20230913_081530
====================================================================================================

1002  |Info:    Saving detector settings
1004  |Info:    ------------------------------------------------------
1004  |Info:    |               Start device detection               |
1004  |Info:    ------------------------------------------------------
1004  |Info:    Initializing HID interfaces: Success
1010  |Info:    ------------------------------------------------------
1010  |Info:    |             Detecting I2C interfaces               |
1010  |Info:    ------------------------------------------------------
1010  |Info:    Registering I2C interface: /dev/i2c-3 Device 1002:73DF Subsystem: 1043:05CB
1010  |Info:    Registering I2C interface: /dev/i2c-1 Device 1002:73DF Subsystem: 1043:05CB
1010  |Warning: [i2c_smbus_linux] Failed to read i2c device PCI device ID
1010  |Info:    Registering I2C interface: /dev/i2c-6 Device 0000:0000 Subsystem: 0000:0000
1010  |Info:    Registering I2C interface: /dev/i2c-2 Device 1002:73DF Subsystem: 1043:05CB
1010  |Info:    Registering I2C interface: /dev/i2c-9 Device 8086:7A23 Subsystem: 1849:7A23
1010  |Info:    Registering I2C interface: /dev/i2c-5 Device 1002:73DF Subsystem: 1043:05CB
1010  |Info:    ------------------------------------------------------
1010  |Info:    |               Detecting I2C devices                |
1010  |Info:    ------------------------------------------------------
1290  |Info:    ------------------------------------------------------
1290  |Info:    |               Detecting I2C PCI devices            |
1290  |Info:    ------------------------------------------------------
1293  |Info:    ------------------------------------------------------
1293  |Info:    |               Detecting HID devices                |
1293  |Info:    ------------------------------------------------------
1311  |Info:    [ASRock B760M Pro RS] Registering RGB controller
1311  |Info:    ------------------------------------------------------
1311  |Info:    |            Detecting libusb HID devices            |
1311  |Info:    ------------------------------------------------------
1323  |Info:    ------------------------------------------------------
1323  |Info:    |              Detecting other devices               |
1323  |Info:    ------------------------------------------------------
1328  |Info:    ------------------------------------------------------
1328  |Info:    |                Detection completed                 |
1328  |Info:    ------------------------------------------------------
1328  |Dialog:  <h2>WARNING:</h2><p>One or more I2C/SMBus interfaces failed to initialize.</p><p>RGB DRAM modules and some motherboards' onboard RGB lighting will not be available without I2C/SMBus.</p><p>On Linux, this is usually because the i2c-dev module is not loaded.  You must load the i2c-dev module along with the correct i2c driver for your motherboard.  This is usually i2c-piix4 for AMD systems and i2c-i801 for Intel systems.</p><p>See <a href='https://help.openrgb.org/'>help.openrgb.org</a> for additional troubleshooting steps if you keep seeing this message.<br></p>
