    OpenRGB v0.91
    Commit: d0b76760f42f9dae92e677b827d7ec9339bd68a7 from 2023-10-12 23:37:48 -0500
    Launched: 20231014_071651
====================================================================================================

0     |Info:    Found file: Cyan.orp attempting to validate header
0     |Info:    Valid v4 profile found for Cyan
0     |Info:    Found file: Cyan2.orp attempting to validate header
0     |Info:    Valid v4 profile found for Cyan2
0     |Info:    Found file: mag_blue.orp attempting to validate header
0     |Info:    Valid v4 profile found for mag_blue
1005  |Info:    Saving detector settings
1006  |Info:    ------------------------------------------------------
1006  |Info:    |               Start device detection               |
1006  |Info:    ------------------------------------------------------
1006  |Info:    Initializing HID interfaces: Success
1008  |Info:    ------------------------------------------------------
1008  |Info:    |             Detecting I2C interfaces               |
1008  |Info:    ------------------------------------------------------
1009  |Info:    Registering I2C interface: /dev/i2c-3 Device 1002:73DF Subsystem: 1043:05CB
1009  |Info:    Registering I2C interface: /dev/i2c-10 Device 0000:0000 Subsystem: 0000:0000
1009  |Info:    Registering I2C interface: /dev/i2c-1 Device 1002:73DF Subsystem: 1043:05CB
1009  |Warning: [i2c_smbus_linux] Failed to read i2c device PCI device ID
1009  |Info:    Registering I2C interface: /dev/i2c-8 Device 0000:0000 Subsystem: 0000:0000
1009  |Warning: [i2c_smbus_linux] Failed to read i2c device PCI device ID
1009  |Info:    Registering I2C interface: /dev/i2c-6 Device 0000:0000 Subsystem: 0000:0000
1009  |Info:    Registering I2C interface: /dev/i2c-4 Device 1002:73DF Subsystem: 1043:05CB
1009  |Info:    Registering I2C interface: /dev/i2c-2 Device 1002:73DF Subsystem: 1043:05CB
1009  |Info:    Registering I2C interface: /dev/i2c-0 Device 1002:73DF Subsystem: 1043:05CB
1009  |Info:    Registering I2C interface: /dev/i2c-9 Device 8086:7A23 Subsystem: 1849:7A23
1009  |Warning: [i2c_smbus_linux] Failed to read i2c device PCI device ID
1009  |Info:    Registering I2C interface: /dev/i2c-7 Device 0000:0000 Subsystem: 0000:0000
1010  |Info:    Registering I2C interface: /dev/i2c-5 Device 1002:73DF Subsystem: 1043:05CB
1010  |Info:    ------------------------------------------------------
1010  |Info:    |               Detecting I2C devices                |
1010  |Info:    ------------------------------------------------------
1213  |Info:    [ENE DRAM] Registering RGB controller
1539  |Info:    ------------------------------------------------------
1539  |Info:    |               Detecting I2C PCI devices            |
1539  |Info:    ------------------------------------------------------
1540  |Info:    ------------------------------------------------------
1540  |Info:    |               Detecting HID devices                |
1540  |Info:    ------------------------------------------------------
1557  |Info:    [ASRock B760M Pro RS] Registering RGB controller
1557  |Info:    ------------------------------------------------------
1557  |Info:    |            Detecting libusb HID devices            |
1557  |Info:    ------------------------------------------------------
1561  |Info:    ------------------------------------------------------
1561  |Info:    |              Detecting other devices               |
1561  |Info:    ------------------------------------------------------
1564  |Info:    ------------------------------------------------------
1564  |Info:    |                Detection completed                 |
1564  |Info:    ------------------------------------------------------
