
2023/12/16 (12:26:17) | ===> btop++ v.1.2.13
2023/12/16 (12:26:17) | WARNING: No UTF-8 locale detected! Forcing start with --utf-force argument.

2023/12/17 (22:07:48) | ===> btop++ v.1.2.13
2023/12/17 (22:07:48) | WARNING: No UTF-8 locale detected! Forcing start with --utf-force argument.

2023/12/20 (23:44:13) | ===> btop++ v.1.2.13
2023/12/20 (23:44:13) | ERROR: No UTF-8 locale detected!
Use --utf-force argument to force start if you're sure your terminal can handle it.

2023/12/20 (23:44:23) | ===> btop++ v.1.2.13
2023/12/20 (23:44:23) | WARNING: No UTF-8 locale detected! Forcing start with --utf-force argument.

2023/12/24 (12:45:02) | ===> btop++ v.1.2.13
2023/12/24 (12:45:02) | ERROR: No UTF-8 locale detected!
Use --utf-force argument to force start if you're sure your terminal can handle it.

2023/12/24 (12:45:04) | ===> btop++ v.1.2.13
2023/12/24 (12:45:04) | WARNING: No UTF-8 locale detected! Forcing start with --utf-force argument.

2023/12/25 (10:04:03) | ===> btop++ v.1.2.13
2023/12/25 (10:04:03) | ERROR: No UTF-8 locale detected!
Use --utf-force argument to force start if you're sure your terminal can handle it.

2023/12/25 (10:04:09) | ===> btop++ v.1.2.13
2023/12/25 (10:04:09) | WARNING: No UTF-8 locale detected! Forcing start with --utf-force argument.

2023/12/25 (21:19:12) | ===> btop++ v.1.2.13
2023/12/25 (21:19:12) | ERROR: No UTF-8 locale detected!
Use --utf-force argument to force start if you're sure your terminal can handle it.

2023/12/25 (21:19:16) | ===> btop++ v.1.2.13
2023/12/25 (21:19:16) | WARNING: No UTF-8 locale detected! Forcing start with --utf-force argument.

2023/12/27 (19:45:18) | ===> btop++ v.1.2.13
2023/12/27 (19:45:18) | ERROR: No UTF-8 locale detected!
Use --utf-force argument to force start if you're sure your terminal can handle it.

2023/12/27 (19:45:22) | ===> btop++ v.1.2.13
2023/12/27 (19:45:22) | WARNING: No UTF-8 locale detected! Forcing start with --utf-force argument.

2023/12/29 (23:02:59) | ===> btop++ v.1.2.13
2023/12/29 (23:02:59) | WARNING: No UTF-8 locale detected! Forcing start with --utf-force argument.

2023/12/30 (22:06:26) | ===> btop++ v.1.2.13
2023/12/30 (22:06:26) | ERROR: No UTF-8 locale detected!
Use --utf-force argument to force start if you're sure your terminal can handle it.

2023/12/30 (22:12:45) | ===> btop++ v.1.2.13
2023/12/30 (22:12:45) | ERROR: No UTF-8 locale detected!
Use --utf-force argument to force start if you're sure your terminal can handle it.

2023/12/30 (22:13:07) | ===> btop++ v.1.2.13
2023/12/30 (22:13:07) | ERROR: No UTF-8 locale detected!
Use --utf-force argument to force start if you're sure your terminal can handle it.

2024/01/14 (09:44:12) | ===> btop++ v.1.3.0
2024/01/14 (09:44:12) | WARNING: ROCm SMI: Failed to get maximum GPU temperature, defaulting to 110°C
